<?xml version="1.0" encoding="UTF-8"?>
<!-- Generated by org.testng.reporters.JUnitXMLReporter -->
<testsuite hostname="Innoraft" ignored="0" name="retryMultipleFailedTests" tests="10" failures="2" timestamp="23 May 2021 18:32:16 GMT" time="10.042" errors="0">
  <testcase name="browserSelection" time="9.77" classname="PracticeTestNG.PracticeTestNG.Sample"/>
  <testcase name="test1" time="0.096" classname="PracticeTestNG.PracticeTestNG.RetryExample">
    <skipped/>
  </testcase> <!-- test1 -->
  <testcase name="test1" time="0.003" classname="PracticeTestNG.PracticeTestNG.RetryExample">
    <skipped/>
  </testcase> <!-- test1 -->
  <testcase name="test1" time="0.004" classname="PracticeTestNG.PracticeTestNG.RetryExample">
    <skipped/>
  </testcase> <!-- test1 -->
  <testcase name="test1" time="0.004" classname="PracticeTestNG.PracticeTestNG.RetryExample">
    <failure type="java.lang.AssertionError" message="expected [true] but found [false]">
      <![CDATA[java.lang.AssertionError: expected [true] but found [false]
at PracticeTestNG.PracticeTestNG.RetryExample.test1(RetryExample.java:11)
... Removed 31 stack frames]]>
    </failure>
  </testcase> <!-- test1 -->
  <testcase name="test2" time="0.004" classname="PracticeTestNG.PracticeTestNG.RetryExample">
    <skipped/>
  </testcase> <!-- test2 -->
  <testcase name="test2" time="0.002" classname="PracticeTestNG.PracticeTestNG.RetryExample">
    <skipped/>
  </testcase> <!-- test2 -->
  <testcase name="test2" time="0.003" classname="PracticeTestNG.PracticeTestNG.RetryExample">
    <skipped/>
  </testcase> <!-- test2 -->
  <testcase name="test2" time="0.009" classname="PracticeTestNG.PracticeTestNG.RetryExample">
    <failure type="java.lang.AssertionError" message="expected [true] but found [false]">
      <![CDATA[java.lang.AssertionError: expected [true] but found [false]
at PracticeTestNG.PracticeTestNG.RetryExample.test2(RetryExample.java:16)
... Removed 31 stack frames]]>
    </failure>
  </testcase> <!-- test2 -->
  <testcase name="test3" time="0.001" classname="PracticeTestNG.PracticeTestNG.RetryExample"/>
</testsuite> <!-- retryMultipleFailedTests -->
